DEBUG: Sending to ds/query for variable state: {"queries":[{"refId":"metricFindQuery","expr":"count by (state) (nginx_http_connections)","rawQuery":true,"datasource":{"type":"prometheus","uid":"deha3a4c2etq8d"},"datasourceId":5}],"from":"1759535237053","to":"1759556837053"}
DEBUG: Response for variable state: {"results":{"metricFindQuery":{"status":200,"frames":[{"schema":{"refId":"metricFindQuery","meta":{"type":"timeseries-multi","typeVersion":[0,1],"custom":{"calculatedMinStep":300000,"resultType":"matrix"},"executedQueryString":"Expr: count by (state) (nginx_http_connections)\nStep: 5m0s"},"fields":[{"name":"Time","type":"time","typeInfo":{"frame":"time.Time"},"config":{"interval":300000}},{"name":"Value","type":"number","typeInfo":{"frame":"float64"},"labels":{"state":"reading"},"config":{"displayNameFromDS":"{state=\"reading\"}"}}]},"data":{"values":[[1759535100000,1759535400000,1759535700000,1759536000000,1759536300000,1759536600000,1759536900000,1759537200000,1759537500000,1759537800000,1759538100000,1759538400000,1759538700000,1759539000000,1759539300000,1759539600000,1759539900000,1759540200000,1759540500000,1759540800000,1759541100000,1759541400000,1759541700000,1759542000000,1759542300000,1759542600000,1759542900000,1759543200000,1759543500000,1759543800000,1759544100000,1759544400000,1759544700000,1759545000000,1759545300000,1759545600000,1759545900000,1759546200000,1759546500000,1759546800000,1759547100000,1759547400000,1759547700000,1759548000000,1759548300000,1759548600000,1759548900000,1759549200000,1759549500000,1759549800000,1759550100000,1759550400000,1759550700000,1759551000000,1759551300000,1759551600000,1759551900000,1759552200000,1759552500000,1759552800000,1759553100000,1759553400000,1759553700000,1759554000000,1759554300000,1759554600000,1759554900000,1759555200000,1759555500000,1759555800000,1759556100000,1759556400000,1759556700000],[1,1,1,1,1,1,1,1,1,1,1,1,1,1,1,1,1,1,1,1,1,1,1,1,1,1,1,1,1,1,1,1,1,1,1,1,1,1,1,1,1,1,1,1,1,1,1,1,1,1,1,1,1,1,1,1,1,1,1,1,1,1,1,1,1,1,1,1,1,1,1,1,1]]}},{"schema":{"refId":"metricFindQuery","meta":{"type":"timeseries-multi","typeVersion":[0,1],"custom":{"resultType":"matrix"}},"fields":[{"name":"Time","type":"time","typeInfo":{"frame":"time.Time"},"config":{"interval":300000}},{"name":"Value","type":"number","typeInfo":{"frame":"float64"},"labels":{"state":"waiting"},"config":{"displayNameFromDS":"{state=\"waiting\"}"}}]},"data":{"values":[[1759535100000,1759535400000,1759535700000,1759536000000,1759536300000,1759536600000,1759536900000,1759537200000,1759537500000,1759537800000,1759538100000,1759538400000,1759538700000,1759539000000,1759539300000,1759539600000,1759539900000,1759540200000,1759540500000,1759540800000,1759541100000,1759541400000,1759541700000,1759542000000,1759542300000,1759542600000,1759542900000,1759543200000,1759543500000,1759543800000,1759544100000,1759544400000,1759544700000,1759545000000,1759545300000,1759545600000,1759545900000,1759546200000,1759546500000,1759546800000,1759547100000,1759547400000,1759547700000,1759548000000,1759548300000,1759548600000,1759548900000,1759549200000,1759549500000,1759549800000,1759550100000,1759550400000,1759550700000,1759551000000,1759551300000,1759551600000,1759551900000,1759552200000,1759552500000,1759552800000,1759553100000,1759553400000,1759553700000,1759554000000,1759554300000,1759554600000,1759554900000,1759555200000,1759555500000,1759555800000,1759556100000,1759556400000,1759556700000],[1,1,1,1,1,1,1,1,1,1,1,1,1,1,1,1,1,1,1,1,1,1,1,1,1,1,1,1,1,1,1,1,1,1,1,1,1,1,1,1,1,1,1,1,1,1,1,1,1,1,1,1,1,1,1,1,1,1,1,1,1,1,1,1,1,1,1,1,1,1,1,1,1]]}},{"schema":{"refId":"metricFindQuery","meta":{"type":"timeseries-multi","typeVersion":[0,1],"custom":{"resultType":"matrix"}},"fields":[{"name":"Time","type":"time","typeInfo":{"frame":"time.Time"},"config":{"interval":300000}},{"name":"Value","type":"number","typeInfo":{"frame":"float64"},"labels":{"state":"writing"},"config":{"displayNameFromDS":"{state=\"writing\"}"}}]},"data":{"values":[[1759535100000,1759535400000,1759535700000,1759536000000,1759536300000,1759536600000,1759536900000,1759537200000,1759537500000,1759537800000,1759538100000,1759538400000,1759538700000,1759539000000,1759539300000,1759539600000,1759539900000,1759540200000,1759540500000,1759540800000,1759541100000,1759541400000,1759541700000,1759542000000,1759542300000,1759542600000,1759542900000,1759543200000,1759543500000,1759543800000,1759544100000,1759544400000,1759544700000,1759545000000,1759545300000,1759545600000,1759545900000,1759546200000,1759546500000,1759546800000,1759547100000,1759547400000,1759547700000,1759548000000,1759548300000,1759548600000,1759548900000,1759549200000,1759549500000,1759549800000,1759550100000,1759550400000,1759550700000,1759551000000,1759551300000,1759551600000,1759551900000,1759552200000,1759552500000,1759552800000,1759553100000,1759553400000,1759553700000,1759554000000,1759554300000,1759554600000,1759554900000,1759555200000,1759555500000,1759555800000,1759556100000,1759556400000,1759556700000],[1,1,1,1,1,1,1,1,1,1,1,1,1,1,1,1,1,1,1,1,1,1,1,1,1,1,1,1,1,1,1,1,1,1,1,1,1,1,1,1,1,1,1,1,1,1,1,1,1,1,1,1,1,1,1,1,1,1,1,1,1,1,1,1,1,1,1,1,1,1,1,1,1]]}}]}}}

DEBUG: Sending to ds/query for variable pair: {"queries":[{"refId":"metricFindQuery","query":"show tag values from markup with key=pair","rawQuery":true,"adhocFilters":[],"rawSql":"","alias":"","limit":"","measurement":"","policy":"","slimit":"","tz":"","datasource":{"type":"influxdb","uid":"aez0z9xdm19fkf"},"datasourceId":13,"maxDataPoints":1000}],"from":"1759535237053","to":"1759556837053"}
DEBUG: Response for variable pair: {"results":{"metricFindQuery":{"status":200,"frames":[{"schema":{"name":"markup","refId":"metricFindQuery","meta":{"typeVersion":[0,0],"custom":null,"preferredVisualisationType":"graph","executedQueryString":"show tag values from markup with key=pair"},"fields":[{"name":"Value","type":"string","typeInfo":{"frame":"string","nullable":true}}]},"data":{"values":[["EUR-MDL","USD-BYN","USD-PLN"]]}}]}}}

DEBUG: Sending to ds/query for variable hosts: {"queries":[{"refId":"metricFindQuery","expr":"count by (host) (nginx_http_requests_total{host=~\".*com\"})","rawQuery":true,"datasource":{"type":"prometheus","uid":"deha3a4c2etq8d"},"datasourceId":5}],"from":"1759535237053","to":"1759556837053"}
DEBUG: Response for variable hosts: {"results":{"metricFindQuery":{"status":200,"frames":[{"schema":{"refId":"metricFindQuery","meta":{"type":"timeseries-multi","typeVersion":[0,1],"custom":{"calculatedMinStep":300000,"resultType":"matrix"},"executedQueryString":"Expr: count by (host) (nginx_http_requests_total{host=~\".*com\"})\nStep: 5m0s"},"fields":[{"name":"Time","type":"time","typeInfo":{"frame":"time.Time"},"config":{"interval":300000}},{"name":"Value","type":"number","typeInfo":{"frame":"float64"},"labels":{"host":"api-rot.ecommpay.com"},"config":{"displayNameFromDS":"{host=\"api-rot.ecommpay.com\"}"}}]},"data":{"values":[[1759535100000,1759535400000,1759535700000,1759536000000,1759536300000,1759536600000,1759536900000,1759537200000,1759537500000,1759537800000,1759538100000,1759538400000,1759538700000,1759539000000,1759539300000,1759539600000,1759539900000,1759540200000,1759540500000,1759540800000,1759541100000,1759541400000,1759541700000,1759542000000,1759542300000,1759542600000,1759542900000,1759543200000,1759543500000,1759543800000,1759544100000,1759544400000,1759544700000,1759545000000,1759545300000,1759545600000,1759545900000,1759546200000,1759546500000,1759546800000,1759547100000,1759547400000,1759547700000,1759548000000,1759548300000,1759548600000,1759548900000,1759549200000,1759549500000,1759549800000,1759550100000,1759550400000,1759550700000,1759551000000,1759551300000,1759551600000,1759551900000,1759552200000,1759552500000,1759552800000,1759553100000,1759553400000,1759553700000,1759554000000,1759554300000,1759554600000,1759554900000,1759555200000,1759555500000,1759555800000,1759556100000,1759556400000,1759556700000],[1,1,1,1,1,1,1,1,1,1,1,1,1,1,1,1,1,1,1,1,1,1,1,1,1,1,1,1,1,1,1,1,1,1,1,1,1,1,1,1,1,1,1,1,1,1,1,1,1,1,1,1,1,1,1,1,1,1,1,1,1,1,1,1,1,1,1,1,1,1,1,1,1]]}},{"schema":{"refId":"metricFindQuery","meta":{"type":"timeseries-multi","typeVersion":[0,1],"custom":{"resultType":"matrix"}},"fields":[{"name":"Time","type":"time","typeInfo":{"frame":"time.Time"},"config":{"interval":300000}},{"name":"Value","type":"number","typeInfo":{"frame":"float64"},"labels":{"host":"api.1d3.com"},"config":{"displayNameFromDS":"{host=\"api.1d3.com\"}"}}]},"data":{"values":[[1759535100000,1759535400000,1759535700000,1759536000000,1759536300000,1759536600000,1759536900000,1759537200000,1759537500000,1759537800000,1759538100000,1759538400000,1759538700000,1759539000000,1759539300000,1759539600000,1759539900000,1759540200000,1759540500000,1759540800000,1759541100000,1759541400000,1759541700000,1759542000000,1759542300000,1759542600000,1759542900000,1759543200000,1759543500000,1759543800000,1759544100000,1759544400000,1759544700000,1759545000000,1759545300000,1759545600000,1759545900000,1759546200000,1759546500000,1759546800000,1759547100000,1759547400000,1759547700000,1759548000000,1759548300000,1759548600000,1759548900000,1759549200000,1759549500000,1759549800000,1759550100000,1759550400000,1759550700000,1759551000000,1759551300000,1759551600000,1759551900000,1759552200000,1759552500000,1759552800000,1759553100000,1759553400000,1759553700000,1759554000000,1759554300000,1759554600000,1759554900000,1759555200000,1759555500000,1759555800000,1759556100000,1759556400000,1759556700000],[6,6,6,6,6,6,6,6,6,6,6,6,6,6,6,6,6,6,6,6,6,6,6,6,6,6,6,6,6,6,6,6,6,6,6,6,6,6,6,6,6,6,6,6,6,6,6,6,6,6,6,6,6,6,6,6,6,6,6,6,6,6,6,6,6,6,6,6,6,6,6,6,6]]}},{"schema":{"refId":"metricFindQuery","meta":{"type":"timeseries-multi","typeVersion":[0,1],"custom":{"resultType":"matrix"}},"fields":[{"name":"Time","type":"time","typeInfo":{"frame":"time.Time"},"config":{"interval":300000}},{"name":"Value","type":"number","typeInfo":{"frame":"float64"},"labels":{"host":"api.demogaas.com"},"config":{"displayNameFromDS":"{host=\"api.demogaas.com\"}"}}]},"data":{"values":[[1759535100000,1759535400000,1759535700000,1759536000000,1759536300000,1759536600000,1759536900000,1759537200000,1759537500000,1759537800000,1759538100000,1759538400000,1759538700000,1759539000000,1759539300000,1759539600000,1759539900000,1759540200000,1759540500000,1759540800000,1759541100000,1759541400000,1759541700000,1759542000000,1759542300000,1759542600000,1759542900000,1759543200000,1759543500000,1759543800000,1759544100000,1759544400000,1759544700000,1759545000000,1759545300000,1759545600000,1759545900000,1759546200000,1759546500000,1759546800000,1759547100000,1759547400000,1759547700000,1759548000000,1759548300000,1759548600000,1759548900000,1759549200000,1759549500000,1759549800000,1759550100000,1759550400000,1759550700000,1759551000000,1759551300000,1759551600000,1759551900000,1759552200000,1759552500000,1759552800000,1759553100000,1759553400000,1759553700000,1759554000000,1759554300000,1759554600000,1759554900000,1759555200000,1759555500000,1759555800000,1759556100000,1759556400000,1759556700000],[3,3,3,3,3,3,3,3,3,3,3,3,3,3,3,3,3,3,3,3,3,3,3,3,3,3,3,3,3,3,3,3,3,3,3,3,3,3,3,3,3,3,3,3,3,3,3,3,3,3,3,3,3,3,3,3,3,3,3,3,3,3,3,3,3,3,3,3,3,3,3,3,3]]}},{"schema":{"refId":"metricFindQuery","meta":{"type":"timeseries-multi","typeVersion":[0,1],"custom":{"resultType":"matrix"}},"fields":[{"name":"Time","type":"time","typeInfo":{"frame":"time.Time"},"config":{"interval":300000}},{"name":"Value","type":"number","typeInfo":{"frame":"float64"},"labels":{"host":"api.ecommpay.com"},"config":{"displayNameFromDS":"{host=\"api.ecommpay.com\"}"}}]},"data":{"values":[[1759535100000,1759535400000,1759535700000,1759536000000,1759536300000,1759536600000,1759536900000,1759537200000,1759537500000,1759537800000,1759538100000,1759538400000,1759538700000,1759539000000,1759539300000,1759539600000,1759539900000,1759540200000,1759540500000,1759540800000,1759541100000,1759541400000,1759541700000,1759542000000,1759542300000,1759542600000,1759542900000,1759543200000,1759543500000,1759543800000,1759544100000,1759544400000,1759544700000,1759545000000,1759545300000,1759545600000,1759545900000,1759546200000,1759546500000,1759546800000,1759547100000,1759547400000,1759547700000,1759548000000,1759548300000,1759548600000,1759548900000,1759549200000,1759549500000,1759549800000,1759550100000,1759550400000,1759550700000,1759551000000,1759551300000,1759551600000,1759551900000,1759552200000,1759552500000,1759552800000,1759553100000,1759553400000,1759553700000,1759554000000,1759554300000,1759554600000,1759554900000,1759555200000,1759555500000,1759555800000,1759556100000,1759556400000,1759556700000],[7,7,7,7,7,7,7,7,7,7,7,7,7,7,7,7,7,7,7,7,7,7,7,7,7,7,7,7,7,7,7,7,7,7,7,7,7,7,7,7,7,7,7,7,7,7,7,7,7,7,7,7,7,7,7,7,7,7,7,7,7,7,7,7,7,7,7,7,7,7,7,7,7]]}},{"schema":{"refId":"metricFindQuery","meta":{"type":"timeseries-multi","typeVersion":[0,1],"custom":{"resultType":"matrix"}},"fields":[{"name":"Time","type":"time","typeInfo":{"frame":"time.Time"},"config":{"interval":300000}},{"name":"Value","type":"number","typeInfo":{"frame":"float64"},"labels":{"host":"api.ecompay.com"},"config":{"displayNameFromDS":"{host=\"api.ecompay.com\"}"}}]},"data":{"values":[[1759535100000,1759535400000,1759535700000,1759536000000,1759536300000,1759536600000,1759536900000,1759537200000,1759537500000,1759537800000,1759538100000,1759538400000,1759538700000,1759539000000,1759539300000,1759539600000,1759539900000,1759540200000,1759540500000,1759540800000,1759541100000,1759541400000,1759541700000,1759542000000,1759542300000,1759542600000,1759542900000,1759543200000,1759543500000,1759543800000,1759544100000,1759544400000,1759544700000,1759545000000,1759545300000,1759545600000,1759545900000,1759546200000,1759546500000,1759546800000,1759547100000,1759547400000,1759547700000,1759548000000,1759548300000,1759548600000,1759548900000,1759549200000,1759549500000,1759549800000,1759550100000,1759550400000,1759550700000,1759551000000,1759551300000,1759551600000,1759551900000,1759552200000,1759552500000,1759552800000,1759553100000,1759553400000,1759553700000,1759554000000,1759554300000,1759554600000,1759554900000,1759555200000,1759555500000,1759555800000,1759556100000,1759556400000,1759556700000],[1,1,1,1,1,1,1,1,1,1,1,1,1,1,1,1,1,1,1,1,1,1,1,1,1,1,1,1,1,1,1,1,1,1,1,1,1,1,1,1,1,1,1,1,1,1,1,1,1,1,1,1,1,1,1,1,1,1,1,1,1,1,1,1,1,1,1,1,1,1,1,1,1]]}},{"schema":{"refId":"metricFindQuery","meta":{"type":"timeseries-multi","typeVersion":[0,1],"custom":{"resultType":"matrix"}},"fields":[{"name":"Time","type":"time","typeInfo":{"frame":"time.Time"},"config":{"interval":300000}},{"name":"Value","type":"number","typeInfo":{"frame":"float64"},"labels":{"host":"api.ecpru.com"},"config":{"displayNameFromDS":"{host=\"api.ecpru.com\"}"}}]},"data":{"values":[[1759535100000,1759535400000,1759535700000,1759536000000,1759536300000,1759536600000,1759536900000,1759537200000,1759537500000,1759537800000,1759538100000,1759538400000,1759538700000,1759539000000,1759539300000,1759539600000,1759539900000,1759540200000,1759540500000,1759540800000,1759541100000,1759541400000,1759541700000,1759542000000,1759542300000,1759542600000,1759542900000,1759543200000,1759543500000,1759543800000,1759544100000,1759544400000,1759544700000,1759545000000,1759545300000,1759545600000,1759545900000,1759546200000,1759546500000,1759546800000,1759547100000,1759547400000,1759547700000,1759548000000,1759548300000,1759548600000,1759548900000,1759549200000,1759549500000,1759549800000,1759550100000,1759550400000,1759550700000,1759551000000,1759551300000,1759551600000,1759551900000,1759552200000,1759552500000,1759552800000,1759553100000,1759553400000,1759553700000,1759554000000,1759554300000,1759554600000,1759554900000,1759555200000,1759555500000,1759555800000,1759556100000,1759556400000,1759556700000],[5,5,5,5,5,5,5,5,5,5,5,5,5,5,5,5,5,5,5,5,5,5,5,5,5,5,5,5,5,5,5,5,5,5,5,5,5,5,5,5,5,5,5,5,5,5,5,5,5,5,5,5,5,5,5,5,5,5,5,5,5,5,5,5,5,5,5,5,5,5,5,5,5]]}},{"schema":{"refId":"metricFindQuery","meta":{"type":"timeseries-multi","typeVersion":[0,1],"custom":{"resultType":"matrix"}},"fields":[{"name":"Time","type":"time","typeInfo":{"frame":"time.Time"},"config":{"interval":300000}},{"name":"Value","type":"number","typeInfo":{"frame":"float64"},"labels":{"host":"api.eposservice.com"},"config":{"displayNameFromDS":"{host=\"api.eposservice.com\"}"}}]},"data":{"values":[[1759535100000,1759535400000,1759535700000,1759536000000,1759536300000,1759536600000,1759536900000,1759537200000,1759537500000,1759537800000,1759538100000,1759538400000,1759538700000,1759539000000,1759539300000,1759539600000,1759539900000,1759540200000,1759540500000,1759540800000,1759541100000,1759541400000,1759541700000,1759542000000,1759542300000,1759542600000,1759542900000,1759543200000,1759543500000,1759543800000,1759544100000,1759544400000,1759544700000,1759545000000,1759545300000,1759545600000,1759545900000,1759546200000,1759546500000,1759546800000,1759547100000,1759547400000,1759547700000,1759548000000,1759548300000,1759548600000,1759548900000,1759549200000,1759549500000,1759549800000,1759550100000,1759550400000,1759550700000,1759551000000,1759551300000,1759551600000,1759551900000,1759552200000,1759552500000,1759552800000,1759553100000,1759553400000,1759553700000,1759554000000,1759554300000,1759554600000,1759554900000,1759555200000,1759555500000,1759555800000,1759556100000,1759556400000,1759556700000],[3,3,3,3,3,3,3,3,3,3,3,3,3,3,3,3,3,3,3,3,3,3,3,3,3,3,3,3,3,3,3,3,3,3,3,3,3,3,3,3,3,3,3,3,3,3,3,3,3,3,3,3,3,3,3,3,3,3,3,3,3,3,3,3,3,3,3,3,3,3,3,3,3]]}},{"schema":{"refId":"metricFindQuery","meta":{"type":"timeseries-multi","typeVersion":[0,1],"custom":{"resultType":"matrix"}},"fields":[{"name":"Time","type":"time","typeInfo":{"frame":"time.Time"},"config":{"interval":300000}},{"name":"Value","type":"number","typeInfo":{"frame":"float64"},"labels":{"host":"api.innotrx.com"},"config":{"displayNameFromDS":"{host=\"api.innotrx.com\"}"}}]},"data":{"values":[[1759535100000,1759535400000,1759535700000,1759536000000,1759536300000,1759536600000,1759536900000,1759537200000,1759537500000,1759537800000,1759538100000,1759538400000,1759538700000,1759539000000,1759539300000,1759539600000,1759539900000,1759540200000,1759540500000,1759540800000,1759541100000,1759541400000,1759541700000,1759542000000,1759542300000,1759542600000,1759542900000,1759543200000,1759543500000,1759543800000,1759544100000,1759544400000,1759544700000,1759545000000,1759545300000,1759545600000,1759545900000,1759546200000,1759546500000,1759546800000,1759547100000,1759547400000,1759547700000,1759548000000,1759548300000,1759548600000,1759548900000,1759549200000,1759549500000,1759549800000,1759550100000,1759550400000,1759550700000,1759551000000,1759551300000,1759551600000,1759551900000,1759552200000,1759552500000,1759552800000,1759553100000,1759553400000,1759553700000,1759554000000,1759554300000,1759554600000,1759554900000,1759555200000,1759555500000,1759555800000,1759556100000,1759556400000,1759556700000],[4,4,4,4,4,4,4,4,4,4,4,4,4,4,4,4,4,4,4,4,4,4,4,4,4,4,4,4,4,4,4,4,4,4,4,4,4,4,4,4,4,4,4,4,4,4,4,4,4,4,4,4,4,4,4,4,4,4,4,4,4,4,4,4,4,4,4,4,4,4,4,4,4]]}},{"schema":{"refId":"metricFindQuery","meta":{"type":"timeseries-multi","typeVersion":[0,1],"custom":{"resultType":"matrix"}},"fields":[{"name":"Time","type":"time","typeInfo":{"frame":"time.Time"},"config":{"interval":300000}},{"name":"Value","type":"number","typeInfo":{"frame":"float64"},"labels":{"host":"api.mglwallet.com"},"config":{"displayNameFromDS":"{host=\"api.mglwallet.com\"}"}}]},"data":{"values":[[1759535100000,1759535400000,1759535700000,1759536000000,1759536300000,1759536600000,1759536900000,1759537200000,1759537500000,1759537800000,1759538100000,1759538400000,1759538700000,1759539000000,1759539300000,1759539600000,1759539900000,1759540200000,1759540500000,1759540800000,1759541100000,1759541400000,1759541700000,1759542000000,1759542300000,1759542600000,1759542900000,1759543200000,1759543500000,1759543800000,1759544100000,1759544400000,1759544700000,1759545000000,1759545300000,1759545600000,1759545900000,1759546200000,1759546500000,1759546800000,1759547100000,1759547400000,1759547700000,1759548000000,1759548300000,1759548600000,1759548900000,1759549200000,1759549500000,1759549800000,1759550100000,1759550400000,1759550700000,1759551000000,1759551300000,1759551600000,1759551900000,1759552200000,1759552500000,1759552800000,1759553100000,1759553400000,1759553700000,1759554000000,1759554300000,1759554600000,1759554900000,1759555200000,1759555500000,1759555800000,1759556100000,1759556400000,1759556700000],[1,1,1,1,1,1,1,1,1,1,1,1,1,1,1,1,1,1,1,1,1,1,1,1,1,1,1,1,1,1,1,1,1,1,1,1,1,1,1,1,1,1,1,1,1,1,1,1,1,1,1,1,1,1,1,1,1,1,1,1,1,1,1,1,1,1,1,1,1,1,1,1,1]]}},{"schema":{"refId":"metricFindQuery","meta":{"type":"timeseries-multi","typeVersion":[0,1],"custom":{"resultType":"matrix"}},"fields":[{"name":"Time","type":"time","typeInfo":{"frame":"time.Time"},"config":{"interval":300000}},{"name":"Value","type":"number","typeInfo":{"frame":"float64"},"labels":{"host":"api.openpayze.com"},"config":{"displayNameFromDS":"{host=\"api.openpayze.com\"}"}}]},"data":{"values":[[1759535100000,1759535400000,1759535700000,1759536000000,1759536300000,1759536600000,1759536900000,1759537200000,1759537500000,1759537800000,1759538100000,1759538400000,1759538700000,1759539000000,1759539300000,1759539600000,1759539900000,1759540200000,1759540500000,1759540800000,1759541100000,1759541400000,1759541700000,1759542000000,1759542300000,1759542600000,1759542900000,1759543200000,1759543500000,1759543800000,1759544100000,1759544400000,1759544700000,1759545000000,1759545300000,1759545600000,1759545900000,1759546200000,1759546500000,1759546800000,1759547100000,1759547400000,1759547700000,1759548000000,1759548300000,1759548600000,1759548900000,1759549200000,1759549500000,1759549800000,1759550100000,1759550400000,1759550700000,1759551000000,1759551300000,1759551600000,1759551900000,1759552200000,1759552500000,1759552800000,1759553100000,1759553400000,1759553700000,1759554000000,1759554300000,1759554600000,1759554900000,1759555200000,1759555500000,1759555800000,1759556100000,1759556400000,1759556700000],[5,5,5,5,5,5,5,5,5,5,5,5,5,5,5,5,5,5,5,5,5,5,5,5,5,5,5,5,5,5,5,5,5,5,5,5,5,5,5,5,5,5,5,5,5,5,5,5,5,5,5,5,5,5,5,5,5,5,5,5,5,5,5,5,5,5,5,5,5,5,5,5,5]]}},{"schema":{"refId":"metricFindQuery","meta":{"type":"timeseries-multi","typeVersion":[0,1],"custom":{"resultType":"matrix"}},"fields":[{"name":"Time","type":"time","typeInfo":{"frame":"time.Time"},"config":{"interval":300000}},{"name":"Value","type":"number","typeInfo":{"frame":"float64"},"labels":{"host":"api.owlpays.com"},"config":{"displayNameFromDS":"{host=\"api.owlpays.com\"}"}}]},"data":{"values":[[1759535100000,1759535400000,1759535700000,1759536000000,1759536300000,1759536600000,1759536900000,1759537200000,1759537500000,1759537800000,1759538100000,1759538400000,1759538700000,1759539000000,1759539300000,1759539600000,1759539900000,1759540200000,1759540500000,1759540800000,1759541100000,1759541400000,1759541700000,1759542000000,1759542300000,1759542600000,1759542900000,1759543200000,1759543500000,1759543800000,1759544100000,1759544400000,1759544700000,1759545000000,1759545300000,1759545600000,1759545900000,1759546200000,1759546500000,1759546800000,1759547100000,1759547400000,1759547700000,1759548000000,1759548300000,1759548600000,1759548900000,1759549200000,1759549500000,1759549800000,1759550100000,1759550400000,1759550700000,1759551000000,1759551300000,1759551600000,1759551900000,1759552200000,1759552500000,1759552800000,1759553100000,1759553400000,1759553700000,1759554000000,1759554300000,1759554600000,1759554900000,1759555200000,1759555500000,1759555800000,1759556100000,1759556400000,1759556700000],[2,2,2,2,2,2,2,2,2,2,2,2,2,2,2,2,2,2,2,2,2,2,2,2,2,2,2,2,2,2,2,2,2,2,2,2,2,2,2,2,2,2,2,2,2,2,2,2,2,2,2,2,2,2,2,2,2,2,2,2,2,2,2,2,2,2,2,2,2,2,2,2,2]]}},{"schema":{"refId":"metricFindQuery","meta":{"type":"timeseries-multi","typeVersion":[0,1],"custom":{"resultType":"matrix"}},"fields":[{"name":"Time","type":"time","typeInfo":{"frame":"time.Time"},"config":{"interval":300000}},{"name":"Value","type":"number","typeInfo":{"frame":"float64"},"labels":{"host":"api.techwave5.com"},"config":{"displayNameFromDS":"{host=\"api.techwave5.com\"}"}}]},"data":{"values":[[1759535100000,1759535400000,1759535700000,1759536000000,1759536300000,1759536600000,1759536900000,1759537200000,1759537500000,1759537800000,1759538100000,1759538400000,1759538700000,1759539000000,1759539300000,1759539600000,1759539900000,1759540200000,1759540500000,1759540800000,1759541100000,1759541400000,1759541700000,1759542000000,1759542300000,1759542600000,1759542900000,1759543200000,1759543500000,1759543800000,1759544100000,1759544400000,1759544700000,1759545000000,1759545300000,1759545600000,1759545900000,1759546200000,1759546500000,1759546800000,1759547100000,1759547400000,1759547700000,1759548000000,1759548300000,1759548600000,1759548900000,1759549200000,1759549500000,1759549800000,1759550100000,1759550400000,1759550700000,1759551000000,1759551300000,1759551600000,1759551900000,1759552200000,1759552500000,1759552800000,1759553100000,1759553400000,1759553700000,1759554000000,1759554300000,1759554600000,1759554900000,1759555200000,1759555500000,1759555800000,1759556100000,1759556400000,1759556700000],[1,1,1,1,1,1,1,1,1,1,1,1,1,1,1,1,1,1,1,1,1,1,1,1,1,1,1,1,1,1,1,1,1,1,1,1,1,1,1,1,1,1,1,1,1,1,1,1,1,1,1,1,1,1,1,1,1,1,1,1,1,1,1,1,1,1,1,1,1,1,1,1,1]]}},{"schema":{"refId":"metricFindQuery","meta":{"type":"timeseries-multi","typeVersion":[0,1],"custom":{"resultType":"matrix"}},"fields":[{"name":"Time","type":"time","typeInfo":{"frame":"time.Time"},"config":{"interval":300000}},{"name":"Value","type":"number","typeInfo":{"frame":"float64"},"labels":{"host":"gateway.mglwallet.com"},"config":{"displayNameFromDS":"{host=\"gateway.mglwallet.com\"}"}}]},"data":{"values":[[1759535100000,1759535400000,1759535700000,1759536000000,1759536300000,1759536600000,1759536900000,1759537200000,1759537500000,1759537800000,1759538100000,1759538400000,1759538700000,1759539000000,1759539300000,1759539600000,1759539900000,1759540200000,1759540500000,1759540800000,1759541100000,1759541400000,1759541700000,1759542000000,1759542300000,1759542600000,1759542900000,1759543200000,1759543500000,1759543800000,1759544100000,1759544400000,1759544700000,1759545000000,1759545300000,1759545600000,1759545900000,1759546200000,1759546500000,1759546800000,1759547100000,1759547400000,1759547700000,1759548000000,1759548300000,1759548600000,1759548900000,1759549200000,1759549500000,1759549800000,1759550100000,1759550400000,1759550700000,1759551000000,1759551300000,1759551600000,1759551900000,1759552200000,1759552500000,1759552800000,1759553100000,1759553400000,1759553700000,1759554000000,1759554300000,1759554600000,1759554900000,1759555200000,1759555500000,1759555800000,1759556100000,1759556400000,1759556700000],[3,3,3,3,3,3,3,3,3,3,3,3,3,3,3,3,3,3,3,3,3,3,3,3,3,3,3,3,3,3,3,3,3,3,3,3,3,3,3,3,3,3,3,3,3,3,3,3,3,3,3,3,3,3,3,3,3,3,3,3,3,3,3,3,3,3,3,3,3,3,3,3,3]]}}]}}}

DEBUG: Sending to ds/query for variable click: {"queries":[{"rawSql":"select distinct(transaction_currency) from logs.transaction_event where transaction_created_at > '2025-10-04 07:00:00'","queryType":"sql","refId":"A","meta":{"timezone":"Europe\/Moscow"},"datasource":{"type":"grafana-clickhouse-datasource","uid":"beaXmfuVz"},"datasourceId":2}],"from":"1759535237053","to":"1759556837053"}
DEBUG: Response for variable click: {"results":{"A":{"status":200,"frames":[{"schema":{"name":"A","refId":"A","meta":{"typeVersion":[0,0],"preferredVisualisationType":"graph","executedQueryString":"select distinct(transaction_currency) from logs.transaction_event where transaction_created_at \u003e '2025-10-04 07:00:00'"},"fields":[{"name":"transaction_currency","type":"string","typeInfo":{"frame":"string"}}]},"data":{"values":[["USD","EUR","RUB","THB","MYR","SAR","AZN","NOK","PLN","AUD","GBP","CAD","UAH","AED","TRY","UZS","PHP","MXN","HKD","BRL","JPY","CZK","SEK","HUF","KGS","SGD","TJS","ZAR","RON","INR","KRW","DKK","EGP","KZT","MDL","ARS","CLP","GEL","CHF","QAR","VND","BHD","ISK","OMR","BGN","NZD","COP","ILS","IDR","GHS","NGN","JOD","TWD","CNY","KES","NAD","CHE","UGX","JMD","KWD","AMD","HNL","MUR","MKD","PKR","BDT","LKR","PEN","NPR","XOF"]]}}]}}}

{
    "variables": [
        {
            "name": "state",
            "type": "query",
            "options": []
        },
        {
            "name": "pair",
            "type": "query",
            "options": []
        },
        {
            "name": "hosts",
            "type": "query",
            "options": []
        },
        {
            "name": "statuses",
            "type": "query",
            "options": []
        },
        {
            "name": "cust",
            "type": "custom",
            "options": [
                {
                    "selected": true,
                    "text": "one",
                    "value": "1"
                },
                {
                    "selected": false,
                    "text": "two",
                    "value": "2"
                }
            ]
        },
        {
            "name": "consttt",
            "type": "constant",
            "options": [
                {
                    "value": "89",
                    "text": "89"
                }
            ]
        },
        {
            "name": "texxt",
            "type": "textbox",
            "options": [
                {
                    "selected": true,
                    "text": "dfgdfgdfgdfg",
                    "value": "dfgdfgdfgdfg"
                }
            ]
        },
        {
            "name": "click",
            "type": "query",
            "options": []
        }
    ],
    "7": {
        "title": "no var",
        "queries": [
            {
                "original": "{host=\"api-rot.ecommpay.com\", instance=\"lbcore.shr.2p.gate2025.nl2.etcdc.io:9145\", job=\"balancer_exporter\", status=\"404\", upstream=\"microgate\"}",
                "datasource": {
                    "type": "prometheus",
                    "uid": "deha3a4c2etq8d"
                },
                "combinations": [
                    {
                        "combination": [],
                        "substituted_query": "{host=\"api-rot.ecommpay.com\", instance=\"lbcore.shr.2p.gate2025.nl2.etcdc.io:9145\", job=\"balancer_exporter\", status=\"404\", upstream=\"microgate\"}"
                    }
                ]
            }
        ]
    },
    "6": {
        "title": "New panel",
        "queries": [
            {
                "original": "nginx_http_requests_total_upstream{host=\"$hosts\", status=\"$statuses\"}",
                "datasource": {
                    "type": "prometheus",
                    "uid": "deha3a4c2etq8d"
                },
                "combinations": []
            },
            {
                "original": "nginx_http_requests_total_upstream{status=\"$statuses\", host=\"$hosts\"} * 2",
                "datasource": {
                    "type": "prometheus",
                    "uid": "deha3a4c2etq8d"
                },
                "combinations": []
            }
        ]
    },
    "5": {
        "title": "New panel1",
        "queries": [
            {
                "original": "rate(nginx_http_requests_total{host=\"$hosts\",status=\"$statuses\"}[5m])",
                "datasource": {
                    "type": "prometheus",
                    "uid": "deha3a4c2etq8d"
                },
                "combinations": []
            }
        ]
    },
    "4": {
        "title": "New panel",
        "queries": [
            {
                "original": "kafka_brokers{instance=\"$cust\"}",
                "datasource": {
                    "type": "prometheus",
                    "uid": "deha3a4c2etq8d"
                },
                "combinations": [
                    {
                        "combination": {
                            "cust": 1
                        },
                        "substituted_query": "kafka_brokers{instance=\"1\"}"
                    },
                    {
                        "combination": {
                            "cust": 2
                        },
                        "substituted_query": "kafka_brokers{instance=\"2\"}"
                    }
                ]
            }
        ]
    },
    "1": {
        "title": "one panel",
        "queries": [
            {
                "original": "nginx_http_connections{state=~\"$state\"}",
                "datasource": {
                    "type": "prometheus",
                    "uid": "deha3a4c2etq8d"
                },
                "combinations": []
            }
        ]
    },
    "2": {
        "title": "repeat panel $state",
        "queries": [
            {
                "original": "nginx_http_connections{state=~\"$state\"}",
                "datasource": {
                    "type": "prometheus",
                    "uid": "deha3a4c2etq8d"
                },
                "combinations": []
            }
        ]
    }
}
